sha256:229e12698a9e09b985123b5a99144927158b1b0c9b4ac906943595b08b55b10d

Time Usage:


Output:

00010010000000101110

sha256:e4f0e5cd6db70c62d1c3f92dd732975311bce6bec04c7eb21afcbb4f7f77a5a7

Time Usage:


Output:

100000100000

sha256:caf3f4ceb6505831560bca7755624a974f8fd0ac7878af57fc77849f049ea7fd

Time Usage:


Output:

000001000000001000000100000101

sha256:5bd4307c79775f50c74224e85ca68c794a68eaf8b2583b729a605d530de3e22b

Time Usage:


Output:

0000000000000001000001000100010000010010

sha256:67797849d16a52753ce48df2562120395663722d98e237bd8b8e0727755555a0

Time Usage:


Output:

1100000000000000000000000000000000000000

sha256:031425e02141b94c506a825396c8b9946ce568492cd075519b297779b6abbe67

Time Usage:


Output:

0010100

sha256:a9bbdc722c01f8eced419ef35eb8adf2d296c54ef9f24fc2f639c2881e297051

Time Usage:


Output:

000100100000001000001100110000011011001010010001000000000100

sha256:b9f98845f358c0352c883a7642644943a58fa617a70238c7d62c5c42e7e29b6c

Time Usage:


Output:

100001000001000

sha256:5bd284136118c500747eaae0dc6134d01669d2c098186070676c49e139c9a0d0

Time Usage:


Output:

0000011111000101011010000011001000010011

sha256:fdbf2f2125e3bad070540d61dc604c69a3b1859a59640171bd720790791b2df3

Time Usage:


Output:

000010010000001

sha256:545f5b1e1a9eee2a4e56aab8d80ac40de69a0ca0134defcc9d5e5f1f49eb90eb

Time Usage:


Output:

01010000000010001001

sha256:dbffcc16bcb5ed1617339ff8984a30b17d233d59bc278304d7273e8353d8ecfd

Time Usage:


Output:

100100001100

sha256:748e3fd6fd885b4a704742d13190f6c03034eb951f7f618a467bae0f4188f962

Time Usage:


Output:

100000000111101001100000010010

sha256:6cc66491b0a0a4f7e35636346c449e06710b3c52fb17ee7b2dd47626a7d65961

Time Usage:


Output:

000001010000001

sha256:9f3995b4d5491865e17a9e8a983b209f8867ba768aee929c5e552a10d7ddd81b

Time Usage:


Output:

00000000000000000000000000000000000000000000000001

sha256:1df54c73778ab69ed26c284bd0003f8e44b3e3c68379b76fa9d140978617656e

Time Usage:


Output:

1000000011

sha256:c13d6b12bcabd9f872bacd56deda0c2b2e38f05a7a117f914a13dcb75dcb4f26

Time Usage:


Output:

01011100001000000100110101010100001100011000100001

sha256:a51ba3e2436a6ac8718b622bf7e4698b8796c42b5536e77051fcab09e698bef0

Time Usage:


Output:

1101001001

sha256:90040ecbbf1ca9cd961a2d2695fa7f482258d457c828658b844b2e34a93652a6

Time Usage:


Output:

110000000000000110010111100000010000001001100100110000000010000000000100

sha256:2a8835105b87a82d1fe685994e455282d9048b828fa20f897f631f7a9c096ef9

Time Usage:


Output:

0010100101001000100100001

sha256:ae3cb60585d1df4b6fef92bacdcd5cda2e6924cdbd6fc7faf9d5b71d730b1894

Time Usage:


Output:

0000000000111100110001000

sha256:f51f9bf0a5f7df6cd2caad5e44970c34d579845f4ec03faeb2b79fb1aaddd6a7

Time Usage:


Output:

011000010000100

sha256:26a17852de2b554c58e4dc5a5e292dbeb6677acee86e2b39244584736e6dd60d

Time Usage:


Output:

000000000001100000010000000000100000010001100

sha256:631955a793cdf9fb149555d35ba09178edc84120d2384b11deed82f0a7aacce6

Time Usage:


Output:

0100000000010000001000000011100100000010000001000000100010010111000100010000000001000101011010000010

sha256:b018e5588c4092a5998da5e6409bd6b1824596a66ff36f90bb86ac5275add478

Time Usage:


Output:

110111000000000

sha256:a9c05c836901aad4eb7005d18030573fa2833ae869dcc0b01fe8e9fbf3b71a1c

Time Usage:


Output:

1100010000110100100110000

sha256:cc1323300e351637186a41fcf634cfcf866b70d2805c7f546fc408143fa8a04f

Time Usage:


Output:

1001010000010000001101010001000010110101

sha256:4944f272b39e0209bd047726a406fbb65254d64882695eb6238568a94c64d9a4

Time Usage:


Output:

011100000100110100001000000000

sha256:c96346dfad9787b75217dd5ca3d36e53b8d86a1fb54ded99bebacf180adcdae1

Time Usage:


Output:

10010111010000000100000110000000100101110100101000

sha256:344f7d91e025afc486a3a8b8d39abcda1c7174e68712ddaf66198a640053db78

Time Usage:


Output:

100010001010101001110000000011110000101110000000000000011100

sha256:5d4630032f7a236930a5e08ec6c97ddae5b77b2fc3389dd2ac8616a5953a1b43

Time Usage:


Output:

010010100

sha256:d4f5be1c01535d6fc193cee7742afb7feef1d19342d3b411fd3cdfcdc4b56bd9

Time Usage:


Output:

101010000000010

sha256:6cf5696b2cbe091a5a662823c19ea8cf1f8f2cdfae1cf5644f630ca7d55c85c6

Time Usage:


Output:

000000000100001010000010000100000100000000000010100000000001

sha256:9f8c0a6903b18fbcd91d1ca8f198ba4f7ebfde22f31250bc1ff0680a710c8844

Time Usage:


Output:

0000000001100100100100100000100100100000

sha256:4cd6230a5d0c0660b312b98cad0658659ad5419387efa6f99bbfe76d375afd21

Time Usage:


Output:

000110

sha256:60f966984ffb7d8119aea8fa75c9cec8a98f43daba18aefa5c9e634a6a194030

Time Usage:


Output:

10011000011111000100010010000100000

sha256:636890d1318edf144ed01dd63945a2ff76b6f1b9e4859671887ba5a6210c3bfd

Time Usage:


Output:

000110

sha256:55c76a8f18c85c078920805cb3a53082fab8618794b0b3da31b6ae8446a73eb2

Time Usage:


Output:

00100000000000000000101000000001000100000000000011000000000000000110010000001000

sha256:408b9297b16dc8882a64a292f95e01e7f5a75dbf4f2c691fded4fbdf30f91a84

Time Usage:


Output:

01100

sha256:c832c14e5f25a9a75ec4f26bf5e8e955712fcebf82cec0c68a05efa02e04666f

Time Usage:


Output:

1001001010001000000010110101001000101101100001001000010100101000110000110001100100010000010001100100

sha256:2eb6ad5648aeae831232eecb924b5d53aeaa4e9099c90e52ad6cf1afd43b4c3b

Time Usage:


Output:

010111010110111010110001000010100101100000011010000000000011

sha256:e7cfd00741bfe7ae4ab9554b50cbfcb8095e9fe413028c6f97d8554c83239ad5

Time Usage:


Output:

10000111100010001100100101001001000

sha256:c57573a9f013cf4bcb4926d62d840a258d003509b1e9ebbf18bbf2151daf12db

Time Usage:


Output:

00010000000001100000010100000100000

sha256:3416460c9223cff5055c8e7648a6d904acc052c7b15a5098b449f9582bcf6b3e

Time Usage:


Output:

1001110100000101111010000101000000011100110000110000110100100100000110000010001110010001000001100001

sha256:feaabd308b716de4b375331a547727186f0440fef31ff21ba8ecf30ab6b7f2a3

Time Usage:


Output:

000101

sha256:476175bf5435591e8fbd2815bebc1f94ffb664654d5715e48e8f47459deefac2

Time Usage:


Output:

10001

sha256:0a56bb30289d98f5679cdf718d2ca8d623497e710c0b08b37b66b742658c14f0

Time Usage:


Output:

0000010000111001000100000010000011110000

sha256:c19ff533e56b01b66dfaab3fae67520c293cf0668395ae7cc74981262c038054

Time Usage:


Output:

0100001011000000

sha256:3e447d0a1eb53654f771bf8519e8a08ee920f9f5d0ec4d0f16c78997077267d3

Time Usage:


Output:

011000000000100010010100010000111110000000011000000011000000100010001001000000000

sha256:c88033f38457e439a61436a1eed9dd6ccd0c57f3f5cd39ebad8a6db1d9b67f9a

Time Usage:


Output:

101000101001010001000100001110101100011001000011001101000000110000000001000

sha256:0ab78a85a662a83234c0f7c0bea520a509b717824ceaa28d5317ba091b7e7dcc

Time Usage:


Output:

1000100101

sha256:252b4f4c3d6d0ab2b9541014825b4fb983dfcf01baa06389032cb0a0967bb44d

Time Usage:


Output:

10010111000000100010

sha256:e746821116147f42484bd239e75f68838382dc24ba2aca0d2453ca5f905fef01

Time Usage:


Output:

000101010000001000000100010010

sha256:db385df5b558b7d38531aa53f7cebf142d8c2d651321136ad66b2d73704066fb

Time Usage:


Output:

0000010011000000001010010001100100010001010000000

sha256:a4ff55df63b5208470bf83e228357eab191e3aa1d0cb57ad14d190e1122d87bf

Time Usage:


Output:

0000010110000100000000010

sha256:5fc812fa1f69db2b110b7d40b4fe21da0db87c51477389ae43f20e34bf0d947b

Time Usage:


Output:

000110101000000010001101100000110010010110100001001101111000001110010110100

sha256:0c1e63c336babd538c9d7440b624c9540d17d76d7d9ed635d05b07ac58c1ef82

Time Usage:


Output:

00001010010000110110

sha256:f3979ea0f12df97e5237ed3ab81fd7b98d9872b17656cc0c122828bb2b375ef4

Time Usage:


Output:

00010000000000110000010100000100000000001000000000

sha256:7d971b5ead7c9a184a46e847ac194ead73a631db6f08bbc7b1acfb4f26c16f09

Time Usage:


Output:

00000001110100000111000000010000001000001110000011000000

sha256:bbdbec422893f7237d1bfa18499fa9678214c91f16f4f58a52f111dc51c8c4ed

Time Usage:


Output:

101000010000111100011000000110

sha256:aec3473da87c9afd637f5099c1f27ac9d350cbd7930bfe465e6c6b700696ae89

Time Usage:


Output:

0001000000000000000000100000001001101000100100010010000000000000000000

sha256:2243efc8e6dd6eec076b97c156bbd3951547720013d4c2c7ff905a024d5709b4

Time Usage:


Output:

00010

Running /input/grid-20-31 -> /output/grid-20-31
Done!
Running /input/spec-1.dat -> /output/spec-1.dat
Done!
Running /input/rand-30-120 -> /output/rand-30-120
Done!
Running /input/rand-40-160 -> /output/rand-40-160
Done!
Running /input/spec-3.dat -> /output/spec-3.dat
Done!
Running /input/spec-2.dat -> /output/spec-2.dat
Done!
Running /input/grid-60-104 -> /output/grid-60-104
Done!
Running /input/spec-6.dat -> /output/spec-6.dat
Done!
Running /input/tree-40-39 -> /output/tree-40-39
Done!
Running /input/spec-7.dat -> /output/spec-7.dat
Done!
Running /input/rand-20-40 -> /output/rand-20-40
Done!
Running /input/grid-12-17 -> /output/grid-12-17
Done!
Running /input/ring-30-30 -> /output/ring-30-30
Done!
Running /input/spec-5.dat -> /output/spec-5.dat
Done!
Running /input/spec-4.dat -> /output/spec-4.dat
Done!
Running /input/rand-10-15 -> /output/rand-10-15
Done!
Running /input/tree-50-49 -> /output/tree-50-49
Done!
Running /input/tree-10-9 -> /output/tree-10-9
Done!
Running /input/grid-72-127 -> /output/grid-72-127
Done!
Running /input/tree-25-24 -> /output/tree-25-24
Done!
Running /input/grid-25-40 -> /output/grid-25-40
Done!
Running /input/tree-15-14 -> /output/tree-15-14
Done!
Running /input/rand-45-180 -> /output/rand-45-180
Done!
Running /input/grid-100-180 -> /output/grid-100-180
Done!
Running /input/ring-15-15 -> /output/ring-15-15
Done!
Running /input/ring-25-25 -> /output/ring-25-25
Done!
Running /input/ring-40-40 -> /output/ring-40-40
Done!
Running /input/grid-30-49 -> /output/grid-30-49
Done!
Running /input/ring-50-50 -> /output/ring-50-50
Done!
Running /input/ring-60-60 -> /output/ring-60-60
Done!
Running /input/grid-9-12 -> /output/grid-9-12
Done!
Running /input/rand-15-28 -> /output/rand-15-28
Done!
Running /input/rand-60-250 -> /output/rand-60-250
Done!
Running /input/rand-40-80 -> /output/rand-40-80
Done!
Running /input/default.case -> /output/default.case
Done!
Running /input/ring-35-35 -> /output/ring-35-35
Done!
Running /input/grid-6-7 -> /output/grid-6-7
Done!
Running /input/rand-80-350 -> /output/rand-80-350
Done!
Running /input/tree-5-4 -> /output/tree-5-4
Done!
Running /input/ring-100-100 -> /output/ring-100-100
Done!
Running /input/tree-60-59 -> /output/tree-60-59
Done!
Running /input/tree-35-34 -> /output/tree-35-34
Done!
Running /input/rand-35-140 -> /output/rand-35-140
Done!
Running /input/tree-100-99 -> /output/tree-100-99
Done!
Running /input/disjoint.case -> /output/disjoint.case
Done!
Running /input/ring-5-5 -> /output/ring-5-5
Done!
Running /input/grid-40-67 -> /output/grid-40-67
Done!
Running /input/grid-16-24 -> /output/grid-16-24
Done!
Running /input/grid-81-144 -> /output/grid-81-144
Done!
Running /input/ring-75-75 -> /output/ring-75-75
Done!
Running /input/ring-10-10 -> /output/ring-10-10
Done!
Running /input/ring-20-20 -> /output/ring-20-20
Done!
Running /input/rand-30-60 -> /output/rand-30-60
Done!
Running /input/grid-49-84 -> /output/grid-49-84
Done!
Running /input/rand-25-50 -> /output/rand-25-50
Done!
Running /input/tree-75-74 -> /output/tree-75-74
Done!
Running /input/tree-20-19 -> /output/tree-20-19
Done!
Running /input/rand-50-200 -> /output/rand-50-200
Done!
Running /input/grid-56-97 -> /output/grid-56-97
Done!
Running /input/tree-30-29 -> /output/tree-30-29
Done!
Running /input/rand-70-300 -> /output/rand-70-300
Done!
Running /input/rand-5-7 -> /output/rand-5-7
Done!
